<?xml version="1.0" encoding="UTF-8"?>
<!-- Generated by org.testng.reporters.JUnitReportReporter -->
<testsuite hostname="WKWIN9985523" failures="0" tests="2" name="Framework.Kaustubh.HomePage" time="20.856" errors="0" timestamp="2021-02-05T17:30:20 IST" skipped="0">
  <testcase classname="Framework.Kaustubh.HomePage" name="baseNavigation" time="10.278"/>
  <system-out/>
  <testcase classname="Framework.Kaustubh.HomePage" name="baseNavigation" time="10.578"/>
  <system-out/>
</testsuite> <!-- Framework.Kaustubh.HomePage -->
