<?xml version="1.0" encoding="UTF-8"?>
<!-- Generated by org.testng.reporters.JUnitReportReporter -->
<testsuite hostname="WKWIN9985523" failures="0" tests="5" name="TestRun.TestRunner" time="25.169" errors="0" timestamp="2021-02-15T16:55:14 IST" skipped="0">
  <testcase classname="TestRun.TestRunner" name="runScenario" time="8.888"/>
  <system-out/>
  <testcase classname="TestRun.TestRunner" name="runScenario" time="0.004"/>
  <system-out/>
  <testcase classname="TestRun.TestRunner" name="runScenario" time="10.384"/>
  <system-out/>
  <testcase classname="TestRun.TestRunner" name="runScenario" time="5.887"/>
  <system-out/>
  <testcase classname="TestRun.TestRunner" name="runScenario" time="0.006"/>
  <system-out/>
</testsuite> <!-- TestRun.TestRunner -->
