<?xml version="1.0" encoding="UTF-8"?>
<!-- Generated by org.testng.reporters.JUnitReportReporter -->
<testsuite skipped="0" hostname="WKWIN9985523" name="TestRun.TestRunner" tests="5" failures="0" timestamp="2021-02-15T16:57:15 IST" time="22.556" errors="0">
  <testcase name="runScenario" time="0.005" classname="TestRun.TestRunner"/>
  <system-out/>
  <testcase name="runScenario" time="7.517" classname="TestRun.TestRunner"/>
  <system-out/>
  <testcase name="runScenario" time="0.003" classname="TestRun.TestRunner"/>
  <system-out/>
  <testcase name="runScenario" time="6.544" classname="TestRun.TestRunner"/>
  <system-out/>
  <testcase name="runScenario" time="8.487" classname="TestRun.TestRunner"/>
  <system-out/>
</testsuite> <!-- TestRun.TestRunner -->
