<?xml version="1.0" encoding="UTF-8"?>
<!-- Generated by org.testng.reporters.JUnitReportReporter -->
<testsuite skipped="0" hostname="WKWIN9985523" name="Framework.Kaustubh.RightNavTest" tests="1" failures="0" timestamp="2021-02-14T16:24:19 IST" time="0.395" errors="0">
  <testcase name="validateFeaturedText" time="0.395" classname="Framework.Kaustubh.RightNavTest"/>
  <system-out/>
</testsuite> <!-- Framework.Kaustubh.RightNavTest -->
